\BOOKMARK [1][-]{section.1}{\376\377\133\236\232\214\166\356\166\204}{}% 1
\BOOKMARK [1][-]{section.2}{\376\377\133\236\232\214\116\352\126\150}{}% 2
\BOOKMARK [1][-]{section.3}{\376\377\133\236\232\214\121\205\133\271\123\312\133\236\232\214\176\323\147\234}{}% 3
\BOOKMARK [2][-]{subsection.3.1}{\376\377\165\050\116\007\165\050\210\150\173\200\123\125\155\113\221\317\116\011\147\201\173\241\146\057\124\046\143\137\127\117}{section.3}% 4
\BOOKMARK [2][-]{subsection.3.2}{\376\377\121\161\134\004\145\076\131\047\165\065\215\357\000\040\000\050\000C\000o\000m\000m\000o\000n\000-\000E\000m\000i\000t\000t\000e\000r\000\040\000A\000m\000p\000l\000i\000f\000i\000e\000r\000\051}{section.3}% 5
\BOOKMARK [3][-]{subsubsection.3.2.1}{\376\377\166\364\155\101\135\345\117\134\160\271}{subsection.3.2}% 6
\BOOKMARK [3][-]{subsubsection.3.2.2}{\376\377\116\055\230\221\134\017\117\341\123\367\130\236\166\312}{subsection.3.2}% 7
\BOOKMARK [3][-]{subsubsection.3.2.3}{\376\377\231\161\124\214\116\016\142\052\153\142\131\061\167\037}{subsection.3.2}% 8
\BOOKMARK [3][-]{subsubsection.3.2.4}{\376\377\217\223\121\145\217\223\121\372\226\073\142\227}{subsection.3.2}% 9
\BOOKMARK [3][-]{subsubsection.3.2.5}{\376\377\142\153\230\221\154\325\155\113\221\317\230\221\163\207\162\171\140\047}{subsection.3.2}% 10
\BOOKMARK [2][-]{subsection.3.3}{\376\377\121\161\226\306\145\076\131\047\165\065\215\357\000\040\000\050\000C\000o\000m\000m\000o\000n\000-\000C\000o\000l\000l\000e\000c\000t\000o\000r\000\040\000A\000m\000p\000l\000i\000f\000i\000e\000r\000\051}{section.3}% 11
\BOOKMARK [3][-]{subsubsection.3.3.1}{\376\377\116\055\230\221\134\017\117\341\123\367\130\236\166\312}{subsection.3.3}% 12
\BOOKMARK [3][-]{subsubsection.3.3.2}{\376\377\230\221\163\207\124\315\136\224}{subsection.3.3}% 13
\BOOKMARK [2][-]{subsection.3.4}{\376\377\116\011\147\201\173\241\166\204\137\000\121\163\162\171\140\047\000\040\000\050\220\011\120\132\000\051}{section.3}% 14
\BOOKMARK [2][-]{subsection.3.5}{\376\377\121\161\127\372\145\076\131\047\165\065\215\357\000\040\000\050\000C\000o\000m\000m\000o\000n\000-\000B\000a\000s\000e\000\040\000A\000m\000p\000l\000i\000f\000i\000e\000r\000\051\000\040\000\050\220\011\120\132\000\051}{section.3}% 15
\BOOKMARK [1][-]{section.4}{\376\377\140\035\200\003\230\230}{}% 16
\BOOKMARK [2][-]{subsection.4.1}{\376\377\121\161\127\372\147\201\165\065\215\357\000\040\000\050\000C\000o\000m\000m\000o\000n\000-\000B\000a\000s\000e\000\040\000A\000m\000p\000l\000i\000f\000i\000e\000r\000\051\000\040\147\011\124\352\116\233\117\030\177\072\160\271\377\014\117\140\167\345\220\123\147\011\124\352\116\233\136\224\165\050\377\037}{section.4}% 17
\BOOKMARK [2][-]{subsection.4.2}{\376\377\123\125\173\241\121\161\123\321\134\004\147\201\165\065\215\357\377\014\116\072\203\267\137\227\147\000\131\047\217\223\121\372\136\105\136\246\217\223\121\372\377\014\227\131\140\001\135\345\117\134\160\271\131\202\117\125\213\276\177\156\377\037}{section.4}% 18
\BOOKMARK [2][-]{subsection.4.3}{\376\377\133\236\232\214\116\055\377\014\231\161\124\214\131\061\167\037\121\372\163\260\137\210\146\016\146\076\377\014\142\052\153\142\131\061\167\037\154\342\137\142\122\031\116\015\146\016\146\076\377\014\213\325\122\006\147\220\123\237\126\340}{section.4}% 19
\BOOKMARK [2][-]{subsection.4.4}{\376\377\121\161\134\004\165\065\215\357\377\014\116\072\156\341\215\263\117\116\230\221\162\171\140\047\377\014\165\065\215\357\116\055\166\204\116\011\116\052\165\065\133\271\377\014\124\352\116\052\133\271\221\317\147\000\131\047\377\037\116\072\116\300\116\110\377\037}{section.4}% 20
\BOOKMARK [2][-]{subsection.4.5}{\376\377\121\161\134\004\165\065\215\357\377\014\232\330\230\221\142\052\153\142\230\221\163\207\176\246\000\040\0001\000\040\000M\000H\000z\000\040\135\346\123\363\377\014\123\327\122\066\116\216\116\300\116\110\377\037\131\202\117\125\143\320\232\330\153\144\230\221\163\207\377\037}{section.4}% 21
\BOOKMARK [1][-]{section.5}{\376\377\133\236\232\214\136\372\213\256}{}% 22
\BOOKMARK [2][-]{subsection.5.1}{\376\377\136\372\213\256\155\373\122\240\164\006\213\272\122\006\147\220}{section.5}% 23
\BOOKMARK [2][-]{subsection.5.2}{\376\377\230\221\124\315\140\035\200\003\230\230\136\224\176\331\121\372\123\302\200\003\164\006\213\272}{section.5}% 24
\BOOKMARK [2][-]{subsection.5.3}{\376\377\133\236\232\214\142\100\165\050\145\131\147\120}{section.5}% 25
\BOOKMARK [1][-]{subsection.5.3}{\376\377\226\104\137\125\000\040\000A\000\040\000\040\230\204\116\140\142\245\124\112}{}% 26
\BOOKMARK [1][-]{figure.caption.25}{\376\377\226\104\137\125\000\040\000B\000\040\000\040\123\237\131\313\145\160\143\156\213\260\137\125\210\150}{}% 27
\BOOKMARK [1][-]{figure.caption.26}{\376\377\226\104\137\125\000\040\000C\000\040\000\040\000\040\000E\000x\000p\000e\000r\000i\000m\000e\000n\000t\000\040\000R\000e\000p\000o\000r\000t\000\040\000o\000f\000\040\000C\000o\000m\000m\000o\000n\000\040\000E\000m\000i\000t\000t\000e\000r\000\040\000A\000m\000p\000l\000i\000f\000i\000e\000r}{}% 28
