\BOOKMARK [1][-]{section.1}{\376\377\133\236\232\214\166\356\166\204}{}% 1
\BOOKMARK [1][-]{section.2}{\376\377\133\236\232\214\116\352\126\150}{}% 2
\BOOKMARK [1][-]{section.3}{\376\377\133\236\232\214\121\205\133\271\151\202\211\201}{}% 3
\BOOKMARK [1][-]{section.4}{\376\377\133\236\232\214\121\205\133\271\123\312\133\236\232\214\176\323\147\234}{}% 4
\BOOKMARK [2][-]{subsection.4.1}{\376\377\122\051\165\050\116\007\165\050\210\150\173\200\123\125\155\113\221\317\000\040\000M\000O\000S\000F\000E\000T}{section.4}% 5
\BOOKMARK [2][-]{subsection.4.2}{\376\377\161\012\143\245\000\040\000M\000O\000S\000F\000E\000T\000\040\145\076\131\047\126\150\000\040\000P\000C\000B\000\040\147\177}{section.4}% 6
\BOOKMARK [2][-]{subsection.4.3}{\376\377\155\113\221\317\000\040\000M\000O\000S\000F\000E\000T\000\040\000\050\0002\000N\0007\0000\0000\0000\000\051\000\040\162\171\140\047\146\362\176\277}{section.4}% 7
\BOOKMARK [3][-]{subsubsection.4.3.1}{\376\377\0002\000N\0007\0000\0000\0000\000\040\000\050\000N\000M\000O\000S\000\051\000,\000\040\0003\000D\000,\000\040\000C\000u\000r\000r\000e\000n\000t\000\040\000L\000e\000v\000e\000l\000:\000\040\000H\000i\000g\000h\000\040\000\050\0000\000\040\000\040\0001\0002\0005\000\040\000m\000A\000\051}{subsection.4.3}% 8
\BOOKMARK [3][-]{subsubsection.4.3.2}{\376\377\0002\000N\0007\0000\0000\0000\000\040\000\050\000N\000M\000O\000S\000\051\000,\000\040\000C\000u\000r\000r\000e\000n\000t\000\040\000L\000e\000v\000e\000l\000:\000\040\000L\000o\000w\000\040\000\050\0000\000\040\0005\003\003\000\040\000m\000A\000\051}{subsection.4.3}% 9
\BOOKMARK [3][-]{subsubsection.4.3.3}{\376\377\0002\000N\0007\0000\0000\0000\000\040\000\050\000N\000M\000O\000S\000\051\000,\000\040\000C\000u\000r\000r\000e\000n\000t\000\040\000L\000e\000v\000e\000l\000:\000\040\000M\000e\000d\000i\000u\000m\000\040\000\050\0000\000\040\0002\003\003\0005\000\040\000m\000A\000\051}{subsection.4.3}% 10
\BOOKMARK [3][-]{subsubsection.4.3.4}{\376\377\0002\000N\0007\0000\0000\0000\000\040\000\050\000N\000M\000O\000S\000\051\000,\000\040\000C\000u\000r\000r\000e\000n\000t\000\040\000L\000e\000v\000e\000l\000:\000\040\000H\000i\000g\000h\000\040\000\050\0000\000\040\0001\003\003\0002\0005\000\040\000m\000A\000\051}{subsection.4.3}% 11
\BOOKMARK [2][-]{subsection.4.4}{\376\377\000C\000o\000m\000m\000o\000n\000-\000S\000o\000u\000r\000c\000e\000\040\000A\000m\000p\000l\000i\000f\000i\000e\000r}{section.4}% 12
\BOOKMARK [3][-]{subsubsection.4.4.1}{\376\377\213\276\177\156\227\131\140\001\135\345\117\134\160\271}{subsection.4.4}% 13
\BOOKMARK [3][-]{subsubsection.4.4.2}{\376\377\155\113\221\317\230\221\163\207\124\315\136\224\000\040\000\050\123\237\131\313\130\236\166\312\146\362\176\277\000\051}{subsection.4.4}% 14
\BOOKMARK [3][-]{subsubsection.4.4.3}{\376\377\155\113\221\317\217\223\121\372\147\011\215\037\217\175\145\366\166\204\130\236\166\312}{subsection.4.4}% 15
\BOOKMARK [3][-]{subsubsection.4.4.4}{\376\377\155\113\221\317\217\223\121\145\147\011\122\006\123\213\145\366\166\204\130\236\166\312}{subsection.4.4}% 16
\BOOKMARK [3][-]{subsubsection.4.4.5}{\376\377\130\236\166\312\146\362\176\277\060\001\217\223\121\372\226\073\142\227\146\362\176\277\060\001\217\223\121\145\226\073\142\227\146\362\176\277\213\241\173\227\176\323\147\234}{subsection.4.4}% 17
\BOOKMARK [2][-]{subsection.4.5}{\376\377\000C\000o\000m\000m\000o\000n\000-\000D\000r\000a\000i\000n\000\040\000A\000m\000p\000l\000i\000f\000i\000e\000r\000\040\000\050\000S\000o\000u\000r\000c\000e\000\040\000F\000o\000l\000l\000o\000w\000e\000r\000\051}{section.4}% 18
\BOOKMARK [3][-]{subsubsection.4.5.1}{\376\377\213\276\177\156\227\131\140\001\135\345\117\134\160\271}{subsection.4.5}% 19
\BOOKMARK [3][-]{subsubsection.4.5.2}{\376\377\155\113\221\317\230\221\163\207\124\315\136\224\000\040\000\050\123\237\131\313\130\236\166\312\146\362\176\277\000\051}{subsection.4.5}% 20
\BOOKMARK [3][-]{subsubsection.4.5.3}{\376\377\155\113\221\317\217\223\121\372\147\011\215\037\217\175\145\366\166\204\130\236\166\312}{subsection.4.5}% 21
\BOOKMARK [3][-]{subsubsection.4.5.4}{\376\377\155\113\221\317\217\223\121\145\147\011\122\006\123\213\145\366\166\204\130\236\166\312}{subsection.4.5}% 22
\BOOKMARK [3][-]{subsubsection.4.5.5}{\376\377\130\236\166\312\146\362\176\277\060\001\217\223\121\372\226\073\142\227\146\362\176\277\060\001\217\223\121\145\226\073\142\227\146\362\176\277\213\241\173\227\176\323\147\234}{subsection.4.5}% 23
\BOOKMARK [2][-]{subsection.4.6}{\376\377\000C\000S\000\040\000A\000m\000p\000.\000\040\124\214\000\040\000C\000D\000\040\000A\000m\000p\000.\000\040\166\204\140\073\176\323\133\371\153\324}{section.4}% 24
\BOOKMARK [2][-]{subsection.4.7}{\376\377\155\113\221\317\000\040\000M\000O\000S\000F\000E\000T\000\040\137\000\121\163\162\171\140\047}{section.4}% 25
\BOOKMARK [1][-]{section.5}{\376\377\140\035\200\003\230\230}{}% 26
\BOOKMARK [2][-]{subsection.5.1}{\376\377\127\072\145\110\136\224\173\241\116\016\123\314\147\201\140\047\146\166\117\123\173\241\133\371\153\324\377\014\147\011\117\125\117\030\177\072\160\271\377\037}{section.5}% 27
\BOOKMARK [2][-]{subsection.5.2}{\376\377\147\054\153\041\133\236\232\214\166\204\136\372\213\256}{section.5}% 28
\BOOKMARK [1][-]{subsection.5.2}{\376\377\226\104\137\125\000\040\000A\000\040\000\040\230\204\116\140\142\245\124\112}{}% 29
\BOOKMARK [1][-]{figure.caption.50}{\376\377\226\104\137\125\000\040\000B\000\040\000\040\123\237\131\313\145\160\143\156\213\260\137\125\210\150}{}% 30
\BOOKMARK [1][-]{figure.caption.51}{\376\377\226\104\137\125\000\040\000C\000\040\000\040\000\040\000M\000a\000t\000l\000a\000b\000\040\000C\000o\000d\000e\000s}{}% 31
