\BOOKMARK [1][-]{section.1}{\376\377\133\236\232\214\166\356\166\204}{}% 1
\BOOKMARK [1][-]{section.2}{\376\377\133\236\232\214\116\352\126\150}{}% 2
\BOOKMARK [1][-]{section.3}{\376\377\133\236\232\214\121\205\133\271\123\312\133\236\232\214\176\323\147\234}{}% 3
\BOOKMARK [2][-]{subsection.3.1}{\376\377\000T\000I\000\040\000A\000b\000s\000o\000l\000u\000t\000e\000\040\000C\000i\000r\000c\000u\000i\000t\000\040\000\050\000D\000i\000o\000d\000e\000\040\0001\000,\000\040\0001\000N\0004\0001\0004\0008\000\051}{section.3}% 4
\BOOKMARK [3][-]{subsubsection.3.1.1}{\376\377\144\055\136\372\000\040\000T\000I\000\040\000A\000b\000s\000o\000l\000u\000t\000e\000\040\000C\000i\000r\000c\000u\000i\000t\000\040\000\050\176\335\133\371\120\074\165\065\215\357\000\051}{subsection.3.1}% 5
\BOOKMARK [3][-]{subsubsection.3.1.2}{\376\377\155\113\221\317\117\116\230\221\217\223\121\145\217\223\121\372\154\342\137\142}{subsection.3.1}% 6
\BOOKMARK [3][-]{subsubsection.3.1.3}{\376\377\155\113\221\317\147\000\232\330\135\345\117\134\230\221\163\207\116\016\230\221\163\207\124\315\136\224}{subsection.3.1}% 7
\BOOKMARK [3][-]{subsubsection.3.1.4}{\376\377\155\113\221\317\217\223\121\372\136\163\127\107\120\074\121\163\116\216\217\223\121\145\136\105\136\246\166\204\176\277\140\047\136\246}{subsection.3.1}% 8
\BOOKMARK [3][-]{subsubsection.3.1.5}{\376\377\133\371\153\324\145\164\155\101\165\065\215\357\116\016\000\040\000A\000D\0006\0003\0007\000\040\000R\000M\000S\000\040\165\065\215\357\217\223\121\372\124\315\136\224}{subsection.3.1}% 9
\BOOKMARK [2][-]{subsection.3.2}{\376\377\000T\000I\000\040\000A\000b\000s\000o\000l\000u\000t\000e\000\040\000C\000i\000r\000c\000u\000i\000t\000\040\000\050\000D\000i\000o\000d\000e\000\040\0002\000,\000\040\0001\000N\0005\0007\0001\0001\000\051}{section.3}% 10
\BOOKMARK [3][-]{subsubsection.3.2.1}{\376\377\155\113\221\317\117\116\230\221\217\223\121\145\217\223\121\372\154\342\137\142}{subsection.3.2}% 11
\BOOKMARK [3][-]{subsubsection.3.2.2}{\376\377\155\113\221\317\147\000\232\330\135\345\117\134\230\221\163\207\116\016\230\221\163\207\124\315\136\224}{subsection.3.2}% 12
\BOOKMARK [1][-]{section.4}{\376\377\140\035\200\003\230\230}{}% 13
\BOOKMARK [2][-]{subsection.4.1}{\376\377\213\241\173\227\217\223\121\145\000\040\0005\0000\000\040\000H\000z\000\040\145\366\377\014\217\223\121\372\117\341\123\367\116\055\000\040\0001\0000\0000\000\040\000H\000z\000\040\122\006\221\317\166\204\136\105\136\246\120\074\377\014\116\345\123\312\217\223\121\372\220\032\217\307\156\344\154\342\126\150\124\016\166\204\136\105\136\246\120\074}{section.4}% 14
\BOOKMARK [2][-]{subsection.4.2}{\376\377\174\276\133\306\145\164\155\101\165\065\215\357\133\371\217\320\145\076\123\312\116\214\147\201\173\241\147\011\117\125\211\201\154\102\377\037}{section.4}% 15
\BOOKMARK [2][-]{subsection.4.3}{\376\377\217\223\121\145\146\364\145\071\116\072\000\040\0005\0001\000\040\000H\000z\000,\000\040\0005\0002\000\040\000H\000z\000\040\124\016\377\014\116\007\165\050\210\150\000\040\000R\000M\000S\000\040\143\041\213\373\145\160\146\016\146\076\142\226\122\250\377\014\213\325\122\006\147\220\123\237\126\340}{section.4}% 16
\BOOKMARK [1][-]{section.5}{\376\377\217\320\145\076\213\276\213\241\230\204\124\112}{}% 17
\BOOKMARK [1][-]{figure.caption.21}{\376\377\226\104\137\125\000\040\000A\000\040\000\040\230\204\116\140\142\245\124\112}{}% 18
\BOOKMARK [1][-]{figure.caption.22}{\376\377\226\104\137\125\000\040\000B\000\040\000\040\123\237\131\313\145\160\143\156\213\260\137\125\210\150}{}% 19
\BOOKMARK [1][-]{figure.caption.23}{\376\377\226\104\137\125\000\040\000C\000\040\000\040\000\040\000M\000a\000t\000l\000a\000b\000\040\000C\000o\000d\000e\000s}{}% 20
