\BOOKMARK [1][-]{section.1}{\376\377\133\236\232\214\166\356\166\204}{}% 1
\BOOKMARK [1][-]{section.2}{\376\377\133\236\232\214\116\352\126\150}{}% 2
\BOOKMARK [1][-]{section.3}{\376\377\000D\000e\000s\000i\000g\000n\000\040\000o\000f\000\040\000O\000p\000\040\000A\000m\000p\000s\000\040\000u\000s\000i\000n\000g\000\040\000D\000i\000s\000c\000r\000e\000t\000e\000\040\000T\000r\000a\000n\000s\000i\000s\000t\000o\000r\000s}{}% 3
\BOOKMARK [2][-]{subsection.3.1}{\376\377\000P\000r\000e\000v\000i\000e\000w\000\040\000o\000f\000\040\000t\000h\000e\000\040\000S\000e\000l\000f\000-\000D\000e\000s\000i\000g\000n\000e\000d\000\040\000O\000p\000\040\000A\000m\000p\000s\000\040\000u\000s\000i\000n\000g\000\040\000D\000i\000s\000c\000r\000e\000t\000e\000\040\000T\000r\000a\000n\000s\000i\000s\000t\000o\000r\000s}{section.3}% 4
\BOOKMARK [2][-]{subsection.3.2}{\376\377\000C\000M\000O\000S\000\040\000O\000p\000\040\000A\000m\000p\000\040\0001\000\040\000\050\000C\000o\000m\000m\000o\000n\000-\000S\000o\000u\000r\000c\000e\000\040\000O\000u\000t\000p\000u\000t\000\040\000S\000t\000a\000g\000e\000\051\000\040}{section.3}% 5
\BOOKMARK [2][-]{subsection.3.3}{\376\377\000C\000M\000O\000S\000\040\000O\000p\000\040\000A\000m\000p\000\040\0002\000\040\000\050\000I\000m\000p\000r\000o\000v\000e\000d\000\040\000P\000u\000s\000h\000-\000P\000u\000l\000l\000\040\000O\000u\000t\000p\000u\000t\000\040\000S\000t\000a\000g\000e\000\051\000\040}{section.3}% 6
\BOOKMARK [2][-]{subsection.3.4}{\376\377\003\274\000A\0007\0004\0001\000\040\000u\000s\000i\000n\000g\000\040\000D\000i\000s\000c\000r\000e\000t\000e\000\040\000B\000J\000T\000s}{section.3}% 7
\BOOKMARK [3][-]{subsubsection.3.4.1}{\376\377\000C\000i\000r\000c\000u\000i\000t\000\040\000S\000c\000h\000e\000m\000a\000t\000i\000c\000\040\000a\000n\000d\000\040\000B\000l\000o\000c\000k\000\040\000D\000i\000a\000g\000r\000a\000m}{subsection.3.4}% 8
\BOOKMARK [3][-]{subsubsection.3.4.2}{\376\377\000B\000i\000a\000s\000i\000n\000g\000\040\000A\000n\000a\000l\000y\000s\000i\000s}{subsection.3.4}% 9
\BOOKMARK [3][-]{subsubsection.3.4.3}{\376\377\000S\000m\000a\000l\000l\000-\000S\000i\000g\000n\000a\000l\000\040\000A\000n\000a\000l\000y\000s\000i\000s}{subsection.3.4}% 10
\BOOKMARK [3][-]{subsubsection.3.4.4}{\376\377\000L\000T\000s\000p\000i\000c\000e\000\040\000S\000i\000m\000u\000l\000a\000t\000i\000o\000n}{subsection.3.4}% 11
\BOOKMARK [1][-]{section.4}{\376\377\000E\000x\000p\000e\000r\000i\000m\000e\000n\000t\000a\000l\000\040\000V\000e\000r\000i\000f\000i\000c\000a\000t\000i\000o\000n}{}% 12
\BOOKMARK [2][-]{subsection.4.1}{\376\377\000C\000M\000O\000S\000\040\000O\000p\000\040\000A\000m\000p\000\040\0001}{section.4}% 13
\BOOKMARK [2][-]{subsection.4.2}{\376\377\000C\000M\000O\000S\000\040\000O\000p\000\040\000A\000m\000p\000\040\0002}{section.4}% 14
\BOOKMARK [2][-]{subsection.4.3}{\376\377\003\274\000A\0007\0004\0001\000\040\000u\000s\000i\000n\000g\000\040\000D\000i\000s\000c\000r\000e\000t\000e\000\040\000B\000J\000T\000s}{section.4}% 15
\BOOKMARK [3][-]{subsubsection.4.3.1}{\376\377\000Z\000e\000r\000o\000\040\000I\000n\000p\000u\000t\000\040\000T\000e\000s\000t}{subsection.4.3}% 16
\BOOKMARK [3][-]{subsubsection.4.3.2}{\376\377\000U\000n\000i\000t\000\040\000B\000u\000f\000f\000e\000r}{subsection.4.3}% 17
\BOOKMARK [3][-]{subsubsection.4.3.3}{\376\377\000I\000n\000v\000e\000r\000t\000i\000n\000g\000\040\000A\000m\000p\000l\000i\000f\000i\000e\000r}{subsection.4.3}% 18
\BOOKMARK [3][-]{subsubsection.4.3.4}{\376\377\000I\000n\000t\000e\000g\000r\000a\000t\000i\000n\000g\000\040\000C\000i\000r\000c\000u\000i\000t}{subsection.4.3}% 19
\BOOKMARK [3][-]{subsubsection.4.3.5}{\376\377\000S\000q\000u\000a\000r\000e\000\040\000W\000a\000v\000e\000\040\000G\000e\000n\000e\000r\000a\000t\000o\000r}{subsection.4.3}% 20
\BOOKMARK [3][-]{subsubsection.4.3.6}{\376\377\000W\000i\000e\000n\000-\000B\000r\000i\000d\000g\000e\000\040\000O\000s\000c\000i\000l\000l\000a\000t\000o\000r}{subsection.4.3}% 21
\BOOKMARK [3][-]{subsubsection.4.3.7}{\376\377\000O\000p\000\040\000A\000m\000p\000\040\000M\000e\000a\000s\000u\000r\000e\000m\000e\000n\000t\000\040\000o\000f\000\040\000t\000h\000e\000\040\000D\000i\000s\000c\000r\000e\000t\000e\000\040\003\274\000A\0007\0004\0001}{subsection.4.3}% 22
\BOOKMARK [1][-]{section.5}{\376\377\140\035\200\003\230\230}{}% 23
\BOOKMARK [2][-]{subsection.5.1}{\376\377\137\002\136\070\163\260\214\141\122\006\147\220}{section.5}% 24
\BOOKMARK [2][-]{subsection.5.2}{\376\377\201\352\116\073\213\276\213\241\166\204\122\006\172\313\217\320\145\076\377\014\143\007\150\007\116\016\220\032\165\050\217\320\145\076\000\040\0007\0004\0001\000\040\166\370\153\324\147\011\145\340\117\030\160\271\377\014\116\072\116\300\116\110\377\037}{section.5}% 25
\BOOKMARK [2][-]{subsection.5.3}{\376\377\217\320\145\076\166\204\127\213\123\367\147\201\116\072\116\060\133\314\377\014\163\260\133\236\135\345\117\134\145\366\146\057\124\046\117\032\147\011\201\352\210\114\213\276\213\241\217\320\145\076\166\204\227\000\154\102\377\037}{section.5}% 26
\BOOKMARK [1][-]{subsection.5.3}{\376\377\226\104\137\125\000\040\000A\000\040\000\040\123\237\131\313\145\160\143\156\213\260\137\125\210\150}{}% 27
\BOOKMARK [1][-]{Item.17}{\376\377\226\104\137\125\000\040\000B\000\040\000\040\000\040\000M\000a\000t\000l\000a\000b\000\040\000C\000o\000d\000e\000s}{}% 28
\BOOKMARK [1][-]{lstnumber.-1.212}{\376\377\226\104\137\125\000\040\000C\000\040\000\040\133\236\232\214\230\204\116\140\142\245\124\112}{}% 29
